<?xml version="1.0" encoding="UTF-8"?>
<coverage generated="1700760462458" clover="3.2.0">
  <project timestamp="1700760462458" name="All files">
    <metrics statements="9" coveredstatements="9" conditionals="0" coveredconditionals="0" methods="1" coveredmethods="1" elements="10" coveredelements="10" complexity="0" loc="9" ncloc="9" packages="1" files="3" classes="3"/>
    <file name="app.component.html" path="/Users/nicolassantos/Documents/Joblinker/sonar-test/src/app/app.component.html">
      <metrics statements="1" coveredstatements="1" conditionals="0" coveredconditionals="0" methods="0" coveredmethods="0"/>
      <line num="1" count="1" type="stmt"/>
    </file>
    <file name="app.component.ts" path="/Users/nicolassantos/Documents/Joblinker/sonar-test/src/app/app.component.ts">
      <metrics statements="5" coveredstatements="5" conditionals="0" coveredconditionals="0" methods="1" coveredmethods="1"/>
      <line num="1" count="1" type="stmt"/>
      <line num="2" count="1" type="stmt"/>
      <line num="3" count="1" type="stmt"/>
      <line num="12" count="1" type="stmt"/>
      <line num="13" count="2" type="stmt"/>
    </file>
    <file name="nx-welcome.component.ts" path="/Users/nicolassantos/Documents/Joblinker/sonar-test/src/app/nx-welcome.component.ts">
      <metrics statements="3" coveredstatements="3" conditionals="0" coveredconditionals="0" methods="0" coveredmethods="0"/>
      <line num="1" count="1" type="stmt"/>
      <line num="2" count="1" type="stmt"/>
      <line num="888" count="1" type="stmt"/>
    </file>
  </project>
</coverage>
