{"/Users/nicolassantos/Documents/Joblinker/sonar-test/src/app/app.component.html": {"path":"/Users/nicolassantos/Documents/Joblinker/sonar-test/src/app/app.component.html","statementMap":{"0":{"start":{"line":1,"column":0},"end":{"line":1,"column":103}}},"fnMap":{},"branchMap":{},"s":{"0":1},"f":{},"b":{},"_coverageSchema":"1a1c01bbd47fc00a2c39e90264f33305004495a9","hash":"f82b47513aafb832a01dd0de1fe46202be3f2836"}
,"/Users/nicolassantos/Documents/Joblinker/sonar-test/src/app/app.component.ts": {"path":"/Users/nicolassantos/Documents/Joblinker/sonar-test/src/app/app.component.ts","statementMap":{"0":{"start":{"line":1,"column":0},"end":{"line":1,"column":42}},"1":{"start":{"line":2,"column":0},"end":{"line":2,"column":47}},"2":{"start":{"line":3,"column":0},"end":{"line":3,"column":60}},"3":{"start":{"line":12,"column":7},"end":{"line":14,"column":null}},"4":{"start":{"line":13,"column":2},"end":{"line":13,"column":25}},"5":{"start":{"line":12,"column":13},"end":{"line":12,"column":25}},"6":{"start":{"line":12,"column":13},"end":{"line":14,"column":null}}},"fnMap":{"0":{"name":"(anonymous_0)","decl":{"start":{"line":12,"column":7},"end":{"line":12,"column":13}},"loc":{"start":{"line":12,"column":7},"end":{"line":14,"column":1}}}},"branchMap":{},"s":{"0":1,"1":1,"2":1,"3":1,"4":2,"5":1,"6":1},"f":{"0":2},"b":{}}
,"/Users/nicolassantos/Documents/Joblinker/sonar-test/src/app/nx-welcome.component.ts": {"path":"/Users/nicolassantos/Documents/Joblinker/sonar-test/src/app/nx-welcome.component.ts","statementMap":{"0":{"start":{"line":1,"column":0},"end":{"line":1,"column":61}},"1":{"start":{"line":2,"column":0},"end":{"line":2,"column":47}},"2":{"start":{"line":888,"column":7},"end":{"line":888,"column":null}},"3":{"start":{"line":888,"column":13},"end":{"line":888,"column":31}},"4":{"start":{"line":888,"column":13},"end":{"line":888,"column":null}}},"fnMap":{},"branchMap":{},"s":{"0":1,"1":1,"2":1,"3":1,"4":1},"f":{},"b":{}}
}
